\BOOKMARK [0][-]{chapter.1}{\376\377\000I\000n\000t\000r\000o\000d\000u\000c\000t\000i\000o\000n}{}% 1
\BOOKMARK [1][-]{section.1.1}{\376\377\000W\000h\000a\000t\000\040\000i\000s\000\040\000p\000y\000t\000h\000o\000n\000-\000s\000s\000c\000h\000a\000?}{chapter.1}% 2
\BOOKMARK [1][-]{section.1.2}{\376\377\000W\000h\000y\000\040\000d\000o\000\040\000I\000\040\000n\000e\000e\000d\000\040\000p\000y\000t\000h\000o\000n\000-\000s\000s\000c\000h\000a\000?}{chapter.1}% 3
\BOOKMARK [0][-]{chapter.2}{\376\377\000H\000o\000w\000\040\000t\000o\000\040\000i\000n\000s\000t\000a\000l\000l}{}% 4
\BOOKMARK [1][-]{section.2.1}{\376\377\000R\000e\000q\000u\000i\000r\000e\000m\000e\000n\000t\000s}{chapter.2}% 5
\BOOKMARK [1][-]{section.2.2}{\376\377\000I\000n\000s\000t\000a\000l\000l\000a\000t\000i\000o\000n\000\040\000f\000r\000o\000m\000\040\000p\000i\000p}{chapter.2}% 6
\BOOKMARK [1][-]{section.2.3}{\376\377\000I\000n\000s\000t\000a\000l\000l\000a\000t\000i\000o\000n\000\040\000f\000r\000o\000m\000\040\000s\000o\000u\000r\000c\000e}{chapter.2}% 7
\BOOKMARK [1][-]{section.2.4}{\376\377\000I\000n\000s\000t\000a\000l\000l\000\040\000w\000i\000t\000h\000\040\000I\000n\000t\000e\000l\000\040\000F\000O\000R\000T\000R\000A\000N\000\040\000c\000o\000m\000p\000i\000l\000e\000r}{chapter.2}% 8
\BOOKMARK [1][-]{section.2.5}{\376\377\000I\000n\000s\000t\000a\000l\000l\000\040\000w\000i\000t\000h\000\040\000a\000\040\000s\000p\000e\000c\000i\000f\000i\000c\000\040\000c\000o\000m\000p\000i\000l\000e\000r\000\040\000p\000a\000t\000h}{chapter.2}% 9
\BOOKMARK [0][-]{chapter.3}{\376\377\000Q\000u\000i\000c\000k\000\040\000s\000t\000a\000r\000t}{}% 10
\BOOKMARK [1][-]{section.3.1}{\376\377\000T\000h\000e\000\040\000f\000r\000e\000e\000\040\000e\000n\000e\000r\000g\000y\000\040\000o\000f\000\040\000g\000o\000l\000d\000:\000\040\000a\000\040\000s\000i\000m\000u\000l\000a\000t\000i\000o\000n\000\040\000i\000n\000\040\000t\000h\000e\000\040\000N\000V\000T\000\040\000e\000n\000s\000e\000m\000b\000l\000e}{chapter.3}% 11
\BOOKMARK [1][-]{section.3.2}{\376\377\000P\000l\000o\000t\000\040\000t\000h\000e\000\040\000p\000h\000o\000n\000o\000n\000\040\000d\000i\000s\000p\000e\000r\000s\000i\000o\000n}{chapter.3}% 12
\BOOKMARK [1][-]{section.3.3}{\376\377\000A\000n\000a\000l\000y\000s\000i\000s\000\040\000o\000f\000\040\000t\000h\000e\000\040\000i\000n\000p\000u\000t\000\040\000s\000c\000r\000i\000p\000t\000\040\000f\000o\000r\000\040\000t\000h\000e\000\040\000N\000V\000T\000\040\000s\000i\000m\000u\000l\000a\000t\000i\000o\000n}{chapter.3}% 13
\BOOKMARK [1][-]{section.3.4}{\376\377\000E\000x\000e\000r\000c\000i\000s\000e}{chapter.3}% 14
\BOOKMARK [1][-]{section.3.5}{\376\377\000R\000u\000n\000n\000i\000n\000g\000\040\000i\000n\000\040\000t\000h\000e\000\040\000N\000P\000T\000\040\000e\000n\000s\000e\000m\000b\000l\000e\000:\000\040\000s\000i\000m\000u\000l\000a\000t\000i\000n\000g\000\040\000t\000h\000e\000r\000m\000a\000l\000\040\000e\000x\000p\000a\000n\000s\000i\000o\000n}{chapter.3}% 15
\BOOKMARK [1][-]{section.3.6}{\376\377\000A\000b\000\040\000i\000n\000i\000t\000i\000o\000\040\000c\000a\000l\000c\000u\000l\000a\000t\000i\000o\000n\000\040\000w\000i\000t\000h\000\040\000t\000h\000e\000\040\000S\000S\000C\000H\000A\000\040\000c\000o\000d\000e}{chapter.3}% 16
\BOOKMARK [1][-]{section.3.7}{\376\377\000P\000a\000r\000a\000l\000l\000e\000l\000i\000z\000a\000t\000i\000o\000n}{chapter.3}% 17
\BOOKMARK [1][-]{section.3.8}{\376\377\000R\000e\000m\000o\000t\000e\000\040\000s\000u\000b\000m\000i\000s\000s\000i\000o\000n\000\040\000o\000n\000\040\000a\000\040\000q\000u\000e\000u\000e\000\040\000s\000y\000s\000t\000e\000m}{chapter.3}% 18
\BOOKMARK [1][-]{section.3.9}{\376\377\000O\000t\000h\000e\000r\000\040\000t\000u\000t\000o\000r\000i\000a\000l\000s}{chapter.3}% 19
\BOOKMARK [0][-]{chapter.4}{\376\377\000A\000d\000v\000a\000n\000c\000e\000d\000\040\000F\000e\000a\000t\000u\000r\000e\000s}{}% 20
\BOOKMARK [1][-]{section.4.1}{\376\377\000M\000a\000n\000u\000a\000l\000\040\000s\000u\000b\000m\000i\000s\000s\000i\000o\000n}{chapter.4}% 21
\BOOKMARK [1][-]{section.4.2}{\376\377\000K\000e\000e\000p\000\040\000t\000r\000a\000c\000k\000\040\000o\000f\000\040\000f\000r\000e\000e\000\040\000e\000n\000e\000r\000g\000y\000,\000\040\000g\000r\000a\000d\000i\000e\000n\000t\000s\000\040\000a\000n\000d\000\040\000f\000r\000e\000q\000u\000e\000n\000c\000i\000e\000s\000\040\000d\000u\000r\000i\000n\000g\000\040\000m\000i\000n\000i\000m\000i\000z\000a\000t\000i\000o\000n}{chapter.4}% 22
\BOOKMARK [1][-]{section.4.3}{\376\377\000C\000l\000u\000s\000t\000e\000r\000\040\000c\000o\000n\000f\000i\000g\000u\000r\000a\000t\000i\000o\000n\000\040\000w\000i\000t\000h\000\040\000a\000\040\000c\000o\000d\000e\000\040\000d\000i\000f\000f\000e\000r\000e\000n\000t\000\040\000f\000r\000o\000m\000\040\000Q\000u\000a\000n\000t\000u\000m\000\040\000E\000S\000P\000R\000E\000S\000S\000O}{chapter.4}% 23
\BOOKMARK [1][-]{section.4.4}{\376\377\000E\000m\000p\000l\000o\000y\000\040\000a\000\040\000c\000u\000s\000t\000o\000m\000\040\000f\000u\000n\000c\000t\000i\000o\000n}{chapter.4}% 24
\BOOKMARK [1][-]{section.4.5}{\376\377\000C\000o\000n\000s\000t\000r\000a\000i\000n\000t\000s}{chapter.4}% 25
\BOOKMARK [0][-]{chapter.5}{\376\377\000F\000r\000e\000q\000u\000e\000n\000t\000l\000y\000\040\000A\000s\000k\000e\000d\000\040\000Q\000u\000e\000s\000t\000i\000o\000n\000s\000\040\000\050\000F\000A\000Q\000s\000\051}{}% 26
\BOOKMARK [1][-]{section.5.1}{\376\377\000S\000e\000t\000u\000p\000\040\000t\000h\000e\000\040\000c\000a\000l\000c\000u\000l\000a\000t\000i\000o\000n}{chapter.5}% 27
\BOOKMARK [2][-]{subsection.5.1.1}{\376\377\000H\000o\000w\000\040\000d\000o\000\040\000I\000\040\000s\000t\000a\000r\000t\000\040\000a\000\040\000c\000a\000l\000c\000u\000l\000a\000t\000i\000o\000n\000\040\000i\000f\000\040\000t\000h\000e\000\040\000D\000y\000n\000a\000m\000i\000c\000a\000l\000\040\000m\000a\000t\000r\000i\000c\000e\000s\000\040\000h\000a\000v\000e\000\040\000i\000m\000a\000g\000i\000n\000a\000r\000y\000\040\000f\000r\000e\000q\000u\000e\000n\000c\000i\000e\000s\000?}{section.5.1}% 28
\BOOKMARK [2][-]{subsection.5.1.2}{\376\377\000W\000h\000a\000t\000\040\000a\000r\000e\000\040\000t\000h\000e\000\040\000r\000e\000a\000s\000o\000n\000a\000b\000l\000e\000\040\000v\000a\000l\000u\000e\000s\000\040\000f\000o\000r\000\040\000t\000h\000e\000\040\000s\000t\000e\000p\000s\000?}{section.5.1}% 29
\BOOKMARK [2][-]{subsection.5.1.3}{\376\377\000I\000n\000\040\000a\000\040\000N\000P\000T\000\040\000o\000r\000\040\000N\000V\000T\000\040\000w\000i\000t\000h\000\040\000v\000a\000r\000i\000a\000b\000l\000e\000\040\000l\000a\000t\000t\000i\000c\000e\000,\000\040\000w\000h\000a\000t\000\040\000i\000s\000\040\000a\000\040\000r\000e\000a\000s\000o\000n\000a\000b\000l\000e\000\040\000v\000a\000l\000u\000e\000\040\000f\000o\000r\000\040\000t\000h\000e\000\040\000b\000u\000l\000k\000\040\000m\000o\000d\000u\000l\000u\000s\000?}{section.5.1}% 30
\BOOKMARK [2][-]{subsection.5.1.4}{\376\377\000I\000t\000\040\000i\000s\000\040\000a\000l\000w\000a\000y\000s\000\040\000g\000o\000o\000d\000\040\000t\000o\000\040\000r\000u\000n\000\040\000N\000V\000T\000\040\000b\000e\000f\000o\000r\000e\000\040\000a\000n\000y\000\040\000N\000P\000T\000\040\000s\000i\000m\000u\000l\000a\000t\000i\000o\000n\000?}{section.5.1}% 31
\BOOKMARK [2][-]{subsection.5.1.5}{\376\377\000H\000o\000w\000\040\000m\000a\000y\000\040\000I\000\040\000r\000u\000n\000\040\000a\000\040\000c\000a\000l\000c\000u\000l\000a\000t\000i\000o\000n\000\040\000n\000e\000g\000l\000e\000c\000t\000i\000n\000g\000\040\000s\000y\000m\000m\000e\000t\000r\000i\000e\000s\000?}{section.5.1}% 32
\BOOKMARK [2][-]{subsection.5.1.6}{\376\377\000I\000n\000\040\000w\000h\000i\000c\000h\000\040\000u\000n\000i\000t\000s\000\040\000a\000r\000e\000\040\000t\000h\000e\000\040\000l\000a\000t\000t\000i\000c\000e\000\040\000v\000e\000c\000t\000o\000r\000s\000,\000\040\000t\000h\000e\000\040\000a\000t\000o\000m\000i\000c\000\040\000p\000o\000s\000i\000t\000i\000o\000n\000s\000,\000\040\000a\000n\000d\000\040\000t\000h\000e\000\040\000m\000a\000s\000s\000\040\000o\000f\000\040\000t\000h\000e\000\040\000a\000t\000o\000m\000s\000\040\000i\000n\000\040\000t\000h\000e\000\040\000d\000y\000n\000a\000m\000i\000c\000a\000l\000\040\000m\000a\000t\000r\000i\000x\000\040\000f\000i\000l\000e\000?}{section.5.1}% 33
\BOOKMARK [2][-]{subsection.5.1.7}{\376\377\000W\000h\000a\000t\000\040\000i\000s\000\040\000t\000h\000e\000\040\000d\000i\000f\000f\000e\000r\000e\000n\000c\000e\000\040\000b\000e\000t\000w\000e\000e\000n\000\040\000d\000i\000f\000f\000e\000r\000e\000n\000t\000\040\000k\000i\000n\000d\000s\000\040\000o\000f\000\040\000m\000i\000n\000i\000m\000i\000z\000a\000t\000i\000o\000n\000\040\000\050\000p\000r\000e\000c\000o\000n\000d\000i\000t\000i\000o\000n\000i\000n\000g\000\040\000a\000n\000d\000\040\000r\000o\000o\000t\000\137\000r\000e\000p\000r\000e\000s\000e\000n\000t\000a\000t\000i\000o\000n\000\051\000?}{section.5.1}% 34
\BOOKMARK [2][-]{subsection.5.1.8}{\376\377\000H\000o\000w\000\040\000d\000o\000\040\000I\000\040\000f\000i\000x\000\040\000t\000h\000e\000\040\000r\000a\000n\000d\000o\000m\000\040\000n\000u\000m\000b\000e\000r\000\040\000g\000e\000n\000e\000r\000a\000t\000o\000r\000\040\000s\000e\000e\000d\000\040\000t\000o\000\040\000m\000a\000k\000e\000\040\000a\000\040\000c\000a\000l\000c\000u\000l\000a\000t\000i\000o\000n\000\040\000r\000e\000p\000r\000o\000d\000u\000c\000i\000b\000l\000e\000?}{section.5.1}% 35
\BOOKMARK [1][-]{section.5.2}{\376\377\000O\000n\000\040\000e\000r\000r\000o\000r\000\040\000a\000n\000d\000\040\000c\000o\000n\000v\000e\000r\000g\000e\000n\000c\000e\000\040\000o\000f\000\040\000t\000h\000e\000\040\000f\000r\000e\000e\000\040\000e\000n\000e\000r\000g\000y\000\040\000m\000i\000n\000i\000m\000i\000z\000a\000t\000i\000o\000n}{chapter.5}% 36
\BOOKMARK [2][-]{subsection.5.2.1}{\376\377\000T\000h\000e\000\040\000c\000o\000d\000e\000\040\000s\000t\000o\000p\000s\000\040\000s\000a\000y\000i\000n\000g\000\040\000i\000t\000\040\000h\000a\000s\000\040\000f\000o\000u\000n\000d\000\040\000i\000m\000a\000g\000i\000n\000a\000r\000y\000\040\000f\000r\000e\000q\000u\000e\000n\000c\000i\000e\000s\000,\000\040\000h\000o\000w\000\040\000d\000o\000\040\000I\000\040\000f\000i\000x\000\040\000i\000t\000?}{section.5.2}% 37
\BOOKMARK [2][-]{subsection.5.2.2}{\376\377\000W\000h\000y\000\040\000t\000h\000e\000\040\000g\000r\000a\000d\000i\000e\000n\000t\000\040\000s\000o\000m\000e\000t\000i\000m\000e\000s\000\040\000i\000n\000c\000r\000e\000a\000s\000e\000s\000\040\000d\000u\000r\000i\000n\000g\000\040\000a\000\040\000m\000i\000n\000i\000m\000i\000z\000a\000t\000i\000o\000n\000?}{section.5.2}% 38
\BOOKMARK [2][-]{subsection.5.2.3}{\376\377\000H\000o\000w\000\040\000d\000o\000\040\000I\000\040\000c\000h\000e\000c\000k\000\040\000i\000f\000\040\000m\000y\000\040\000c\000a\000l\000c\000u\000l\000a\000t\000i\000o\000n\000s\000\040\000a\000r\000e\000\040\000w\000e\000l\000l\000\040\000c\000o\000n\000v\000e\000r\000g\000e\000d\000?}{section.5.2}% 39
\BOOKMARK [2][-]{subsection.5.2.4}{\376\377\000W\000h\000a\000t\000\040\000i\000s\000\040\000t\000h\000e\000\040\000f\000i\000n\000a\000l\000\040\000e\000r\000r\000o\000r\000\040\000o\000n\000\040\000t\000h\000e\000\040\000s\000t\000r\000u\000c\000t\000u\000r\000e\000\040\000o\000r\000\040\000t\000h\000e\000\040\000d\000y\000n\000a\000m\000i\000c\000a\000l\000\040\000m\000a\000t\000r\000i\000x\000\040\000o\000f\000\040\000a\000\040\000S\000C\000H\000A\000\040\000m\000i\000n\000i\000m\000i\000z\000a\000t\000i\000o\000n\000?}{section.5.2}% 40
\BOOKMARK [2][-]{subsection.5.2.5}{\376\377\000H\000o\000w\000\040\000d\000o\000\040\000I\000\040\000u\000n\000d\000e\000r\000s\000t\000a\000n\000d\000\040\000i\000f\000\040\000t\000h\000e\000\040\000f\000r\000e\000e\000\040\000e\000n\000e\000r\000g\000y\000\040\000h\000e\000s\000s\000i\000a\000n\000\040\000c\000a\000l\000c\000u\000l\000a\000t\000i\000o\000n\000\040\000i\000s\000\040\000c\000o\000n\000v\000e\000r\000g\000e\000d\000?}{section.5.2}% 41
\BOOKMARK [2][-]{subsection.5.2.6}{\376\377\000H\000o\000w\000\040\000d\000o\000\040\000I\000\040\000s\000p\000l\000i\000t\000\040\000t\000h\000e\000\040\000e\000n\000s\000e\000m\000b\000l\000e\000?}{section.5.2}% 42
\BOOKMARK [2][-]{subsection.5.2.7}{\376\377\000H\000o\000w\000\040\000c\000a\000n\000\040\000I\000\040\000a\000d\000d\000\040\000m\000o\000r\000e\000\040\000c\000o\000n\000f\000i\000g\000u\000r\000a\000t\000i\000o\000n\000s\000\040\000t\000o\000\040\000a\000n\000\040\000e\000x\000i\000s\000t\000i\000n\000g\000\040\000e\000n\000s\000e\000m\000b\000l\000e\000?}{section.5.2}% 43
\BOOKMARK [2][-]{subsection.5.2.8}{\376\377\000H\000o\000w\000\040\000d\000o\000e\000s\000\040\000t\000h\000e\000\040\000e\000r\000r\000o\000r\000\040\000o\000v\000e\000r\000\040\000t\000h\000e\000\040\000g\000r\000a\000d\000i\000e\000n\000t\000s\000\040\000s\000c\000a\000l\000e\000\040\000w\000i\000t\000h\000\040\000t\000h\000e\000\040\000n\000u\000m\000b\000e\000r\000\040\000o\000f\000\040\000c\000o\000n\000f\000i\000g\000u\000r\000a\000t\000i\000o\000n\000s\000?}{section.5.2}% 44
\BOOKMARK [2][-]{subsection.5.2.9}{\376\377\000I\000\040\000c\000a\000n\000n\000o\000t\000\040\000r\000e\000m\000o\000v\000e\000\040\000t\000h\000e\000\040\000p\000r\000e\000s\000s\000u\000r\000e\000\040\000a\000n\000i\000s\000o\000t\000r\000o\000p\000y\000\040\000a\000f\000t\000e\000r\000\040\000r\000e\000l\000a\000x\000i\000n\000g\000\040\000t\000h\000e\000\040\000c\000e\000l\000l\000,\000\040\000w\000h\000a\000t\000\040\000i\000s\000\040\000h\000a\000p\000p\000e\000n\000i\000n\000g\000?}{section.5.2}% 45
\BOOKMARK [2][-]{subsection.5.2.10}{\376\377\000H\000o\000w\000\040\000d\000o\000\040\000I\000\040\000c\000h\000o\000o\000s\000e\000\040\000t\000h\000e\000\040\000a\000p\000p\000r\000o\000p\000r\000i\000a\000t\000e\000\040\000v\000a\000l\000u\000e\000\040\000o\000f\000\040\000K\000o\000n\000g\000-\000L\000i\000u\000\040\000e\000f\000f\000e\000c\000t\000i\000v\000e\000\040\000s\000a\000m\000p\000l\000e\000\040\000s\000i\000z\000e\000\040\000o\000r\000\040\000r\000a\000t\000i\000o\000?}{section.5.2}% 46
\BOOKMARK [1][-]{section.5.3}{\376\377\000P\000o\000s\000t\000-\000p\000r\000o\000c\000e\000s\000s\000i\000n\000g\000\040\000t\000h\000e\000\040\000o\000u\000t\000p\000u\000t}{chapter.5}% 47
\BOOKMARK [2][-]{subsection.5.3.1}{\376\377\000H\000o\000w\000\040\000d\000o\000\040\000I\000\040\000p\000l\000o\000t\000\040\000t\000h\000e\000\040\000p\000h\000o\000n\000o\000n\000\040\000d\000i\000s\000p\000e\000r\000s\000i\000o\000n\000\040\000a\000f\000t\000e\000r\000\040\000t\000h\000e\000\040\000c\000a\000l\000c\000u\000l\000a\000t\000i\000o\000n\000?}{section.5.3}% 48
\BOOKMARK [2][-]{subsection.5.3.2}{\376\377\000H\000o\000w\000\040\000d\000o\000\040\000I\000\040\000p\000l\000o\000t\000\040\000t\000h\000e\000\040\000f\000r\000e\000q\000u\000e\000n\000c\000i\000e\000s\000\040\000o\000f\000\040\000t\000h\000e\000\040\000d\000y\000n\000a\000m\000i\000c\000a\000l\000\040\000m\000a\000t\000r\000i\000x\000\040\000d\000u\000r\000i\000n\000g\000\040\000t\000h\000e\000\040\000o\000p\000t\000i\000m\000i\000z\000a\000t\000i\000o\000n\000?}{section.5.3}% 49
\BOOKMARK [1][-]{section.5.4}{\376\377\000C\000o\000n\000s\000t\000r\000a\000i\000n\000s\000\040\000a\000n\000d\000\040\000c\000u\000s\000t\000o\000m\000\040\000m\000i\000n\000i\000m\000i\000z\000a\000t\000i\000o\000n}{chapter.5}% 50
\BOOKMARK [2][-]{subsection.5.4.1}{\376\377\000H\000o\000w\000\040\000d\000o\000\040\000I\000\040\000l\000o\000c\000k\000\040\000m\000o\000d\000e\000s\000\040\000f\000r\000o\000m\000\040\000m\000\040\000t\000o\000\040\000n\000\040\000i\000n\000\040\000t\000h\000e\000\040\000m\000i\000n\000i\000m\000i\000z\000a\000t\000i\000o\000n\000?}{section.5.4}% 51
\BOOKMARK [2][-]{subsection.5.4.2}{\376\377\000H\000o\000w\000\040\000d\000o\000\040\000I\000\040\000l\000o\000c\000k\000\040\000a\000\040\000s\000p\000e\000c\000i\000a\000l\000\040\000a\000t\000o\000m\000\040\000i\000n\000\040\000t\000h\000e\000\040\000m\000i\000n\000i\000m\000i\000z\000a\000t\000i\000o\000n\000?}{section.5.4}% 52
\BOOKMARK [0][-]{chapter.6}{\376\377\000T\000H\000E\000\040\000A\000P\000I}{}% 53
\BOOKMARK [1][-]{section.6.1}{\376\377\000T\000h\000e\000\040\000E\000n\000s\000e\000m\000b\000l\000e\000\040\000M\000o\000d\000u\000l\000e}{chapter.6}% 54
\BOOKMARK [2][-]{subsection.6.1.1}{\376\377\000G\000E\000T\000\040\000E\000N\000E\000R\000G\000Y\000\040\000A\000N\000D\000\040\000F\000O\000R\000C\000E\000S}{section.6.1}% 55
\BOOKMARK [3][-]{subsubsection*.5}{\376\377\000P\000a\000r\000a\000m\000t\000e\000r\000s}{subsection.6.1.1}% 56
\BOOKMARK [2][-]{subsection.6.1.2}{\376\377\000C\000O\000N\000V\000E\000R\000T\000\040\000A\000L\000L\000\040\000T\000H\000E\000\040\000V\000A\000R\000I\000A\000B\000L\000E\000\040\000I\000N\000\040\000A\000\040\000C\000O\000H\000E\000R\000E\000N\000T\000\040\000U\000N\000I\000T\000\040\000O\000F\000\040\000M\000E\000A\000S\000U\000R\000E\000M\000E\000N\000T\000S}{section.6.1}% 57
\BOOKMARK [3][-]{subsubsection*.7}{\376\377\000P\000a\000r\000a\000m\000e\000t\000e\000r\000s}{subsection.6.1.2}% 58
\BOOKMARK [2][-]{subsection.6.1.3}{\376\377\000G\000E\000N\000E\000R\000A\000T\000E\000\040\000T\000H\000E\000\040\000E\000N\000S\000E\000M\000B\000L\000E}{section.6.1}% 59
\BOOKMARK [3][-]{subsubsection*.9}{\376\377\000P\000a\000r\000a\000m\000e\000t\000e\000r\000s}{subsection.6.1.3}% 60
\BOOKMARK [2][-]{subsection.6.1.4}{\376\377\000G\000E\000T\000\040\000E\000N\000E\000R\000G\000Y}{section.6.1}% 61
\BOOKMARK [3][-]{subsubsection*.11}{\376\377\000P\000a\000r\000a\000m\000e\000t\000e\000r\000s}{subsection.6.1.4}% 62
\BOOKMARK [3][-]{subsubsection*.12}{\376\377\000E\000x\000a\000m\000p\000l\000e\000s}{subsection.6.1.4}% 63
\BOOKMARK [2][-]{subsection.6.1.5}{\376\377\000G\000E\000T\000\040\000F\000O\000R\000C\000E\000S}{section.6.1}% 64
\BOOKMARK [3][-]{subsubsection*.14}{\376\377\000P\000a\000r\000a\000m\000e\000t\000e\000r\000s}{subsection.6.1.5}% 65
\BOOKMARK [2][-]{subsection.6.1.6}{\376\377\000G\000E\000T\000\040\000T\000H\000E\000\040\000A\000V\000E\000R\000A\000G\000E\000\040\000S\000T\000R\000E\000S\000S}{section.6.1}% 66
\BOOKMARK [2][-]{subsection.6.1.7}{\376\377\000G\000E\000T\000\040\000T\000H\000E\000\040\000C\000O\000V\000A\000R\000I\000A\000N\000C\000E\000\040\000S\000T\000O\000C\000A\000S\000T\000I\000C\000A\000L\000L\000Y}{section.6.1}% 67
\BOOKMARK [3][-]{subsubsection*.17}{\376\377\000R\000e\000s\000u\000l\000t\000s}{subsection.6.1.7}% 68
\BOOKMARK [2][-]{subsection.6.1.8}{\376\377\000G\000E\000T\000\040\000E\000N\000E\000R\000G\000Y\000\040\000A\000N\000D\000\040\000F\000O\000R\000C\000E\000S\000\040\000F\000O\000R\000\040\000T\000H\000E\000\040\000C\000U\000R\000R\000E\000N\000T\000\040\000E\000N\000S\000E\000M\000B\000L\000E}{section.6.1}% 69
\BOOKMARK [3][-]{subsubsection*.20}{\376\377\000P\000a\000r\000a\000m\000e\000t\000e\000r\000s}{subsection.6.1.8}% 70
\BOOKMARK [2][-]{subsection.6.1.9}{\376\377\000S\000S\000C\000H\000A\000\040\000F\000R\000E\000E\000\040\000E\000N\000E\000R\000G\000Y}{section.6.1}% 71
\BOOKMARK [3][-]{subsubsection*.23}{\376\377\000P\000a\000r\000a\000m\000e\000t\000e\000r\000s}{subsection.6.1.9}% 72
\BOOKMARK [3][-]{subsubsection*.24}{\376\377\000R\000e\000t\000u\000r\000n\000s}{subsection.6.1.9}% 73
\BOOKMARK [2][-]{subsection.6.1.10}{\376\377\000G\000E\000T\000\040\000T\000H\000E\000\040\000F\000R\000E\000E\000\040\000E\000N\000E\000R\000G\000Y\000\040\000O\000D\000D\000\040\000C\000O\000R\000R\000E\000C\000T\000I\000O\000N}{section.6.1}% 74
\BOOKMARK [3][-]{subsubsection*.26}{\376\377\000P\000a\000r\000a\000m\000e\000t\000e\000r\000s}{subsection.6.1.10}% 75
\BOOKMARK [3][-]{subsubsection*.27}{\376\377\000R\000e\000t\000u\000r\000n\000s}{subsection.6.1.10}% 76
\BOOKMARK [2][-]{subsection.6.1.11}{\376\377\000G\000E\000T\000\040\000T\000H\000E\000\040\000F\000R\000E\000E\000\040\000E\000N\000E\000R\000G\000Y\000\040\000I\000N\000\040\000A\000\040\000B\000I\000G\000G\000E\000R\000\040\000C\000E\000L\000L}{section.6.1}% 77
\BOOKMARK [3][-]{subsubsection*.29}{\376\377\000P\000a\000r\000a\000m\000e\000t\000e\000r\000s}{subsection.6.1.11}% 78
\BOOKMARK [3][-]{subsubsection*.30}{\376\377\000R\000e\000t\000u\000r\000n\000s}{subsection.6.1.11}% 79
\BOOKMARK [2][-]{subsection.6.1.12}{\376\377\000S\000E\000L\000F\000\040\000C\000O\000N\000S\000I\000S\000T\000E\000N\000T\000\040\000S\000C\000H\000A\000\040\000E\000Q\000U\000A\000T\000I\000O\000N}{section.6.1}% 80
\BOOKMARK [3][-]{subsubsection*.34}{\376\377\000P\000a\000r\000a\000m\000e\000t\000e\000r\000s}{subsection.6.1.12}% 81
\BOOKMARK [3][-]{subsubsection*.35}{\376\377\000R\000e\000s\000u\000l\000t\000s}{subsection.6.1.12}% 82
\BOOKMARK [2][-]{subsection.6.1.13}{\376\377\000G\000E\000T\000\040\000S\000T\000R\000E\000S\000S\000\040\000T\000E\000N\000S\000O\000R}{section.6.1}% 83
\BOOKMARK [3][-]{subsubsection*.37}{\376\377\000P\000a\000r\000a\000m\000e\000t\000e\000r\000s}{subsection.6.1.13}% 84
\BOOKMARK [3][-]{subsubsection*.38}{\376\377\000R\000e\000s\000u\000l\000t\000s}{subsection.6.1.13}% 85
\BOOKMARK [2][-]{subsection.6.1.14}{\376\377\000P\000a\000r\000a\000m\000e\000t\000e\000r\000s}{section.6.1}% 86
\BOOKMARK [2][-]{subsection.6.1.15}{\376\377\000L\000O\000A\000D\000\040\000T\000H\000E\000\040\000E\000N\000S\000E\000M\000B\000L\000E}{section.6.1}% 87
\BOOKMARK [3][-]{subsubsection*.41}{\376\377\000P\000a\000r\000a\000m\000e\000t\000e\000r\000s}{subsection.6.1.15}% 88
\BOOKMARK [2][-]{subsection.6.1.16}{\376\377\000L\000O\000A\000D\000\040\000T\000H\000E\000\040\000B\000I\000N\000A\000R\000Y\000\040\000E\000N\000S\000E\000M\000B\000L\000E}{section.6.1}% 89
\BOOKMARK [3][-]{subsubsection*.43}{\376\377\000P\000a\000r\000a\000m\000e\000t\000e\000r\000s}{subsection.6.1.16}% 90
\BOOKMARK [2][-]{subsection.6.1.17}{\376\377\000L\000O\000A\000D\000\040\000T\000H\000E\000\040\000E\000N\000S\000E\000M\000B\000L\000E\000\040\000F\000R\000O\000M\000\040\000A\000\040\000C\000A\000L\000C\000U\000L\000A\000T\000I\000O\000N}{section.6.1}% 91
\BOOKMARK [3][-]{subsubsection*.45}{\376\377\000P\000a\000r\000a\000m\000e\000t\000e\000r\000s}{subsection.6.1.17}% 92
\BOOKMARK [2][-]{subsection.6.1.18}{\376\377\000M\000E\000R\000G\000E\000\040\000T\000W\000O\000\040\000E\000N\000S\000E\000M\000B\000L\000E\000S}{section.6.1}% 93
\BOOKMARK [3][-]{subsubsection*.47}{\376\377\000P\000a\000r\000a\000m\000e\000t\000e\000r\000s}{subsection.6.1.18}% 94
\BOOKMARK [2][-]{subsection.6.1.19}{\376\377\000S\000A\000V\000E\000\040\000T\000H\000E\000\040\000E\000N\000S\000E\000M\000B\000L\000E}{section.6.1}% 95
\BOOKMARK [3][-]{subsubsection*.50}{\376\377\000P\000a\000r\000a\000m\000e\000t\000e\000r\000s}{subsection.6.1.19}% 96
\BOOKMARK [2][-]{subsection.6.1.20}{\376\377\000F\000A\000S\000T\000\040\000S\000A\000V\000E\000\040\000O\000F\000\040\000T\000H\000E\000\040\000E\000N\000S\000E\000M\000B\000L\000E}{section.6.1}% 97
\BOOKMARK [3][-]{subsubsection*.52}{\376\377\000P\000a\000r\000a\000m\000e\000t\000e\000r\000s}{subsection.6.1.20}% 98
\BOOKMARK [2][-]{subsection.6.1.21}{\376\377\000P\000a\000r\000a\000m\000e\000t\000e\000r\000s}{section.6.1}% 99
\BOOKMARK [2][-]{subsection.6.1.22}{\376\377\000S\000A\000V\000E\000\040\000I\000N\000T\000O\000\040\000E\000X\000T\000X\000Y\000Z\000\040\000F\000O\000R\000M\000A\000T}{section.6.1}% 100
\BOOKMARK [3][-]{subsubsection*.55}{\376\377\000P\000a\000r\000a\000m\000e\000t\000e\000r\000s}{subsection.6.1.22}% 101
\BOOKMARK [2][-]{subsection.6.1.23}{\376\377\000P\000a\000r\000a\000m\000e\000t\000e\000r\000s}{section.6.1}% 102
\BOOKMARK [2][-]{subsection.6.1.24}{\376\377\000R\000e\000t\000u\000r\000n\000s}{section.6.1}% 103
\BOOKMARK [2][-]{subsection.6.1.25}{\376\377\000S\000P\000L\000I\000T\000\040\000T\000H\000E\000\040\000E\000N\000S\000E\000M\000B\000L\000E}{section.6.1}% 104
\BOOKMARK [3][-]{subsubsection*.58}{\376\377\000P\000a\000r\000a\000m\000e\000t\000e\000r\000s}{subsection.6.1.25}% 105
\BOOKMARK [3][-]{subsubsection*.59}{\376\377\000R\000e\000s\000u\000l\000t\000s}{subsection.6.1.25}% 106
\BOOKMARK [2][-]{subsection.6.1.26}{\376\377\000I\000M\000P\000O\000R\000T\000A\000N\000C\000E\000\040\000S\000A\000M\000P\000L\000I\000N\000G}{section.6.1}% 107
\BOOKMARK [3][-]{subsubsection*.61}{\376\377\000P\000a\000r\000a\000m\000e\000t\000e\000r\000s}{subsection.6.1.26}% 108
\BOOKMARK [1][-]{section.6.2}{\376\377\000T\000h\000e\000\040\000S\000c\000h\000a\000M\000i\000n\000i\000m\000i\000z\000e\000r\000\040\000M\000o\000d\000u\000l\000e}{chapter.6}% 109
\BOOKMARK [2][-]{subsection.6.2.1}{\376\377\000C\000H\000E\000C\000K\000\040\000T\000H\000E\000\040\000S\000T\000O\000P\000P\000I\000N\000G\000\040\000C\000O\000N\000D\000I\000T\000I\000O\000N}{section.6.2}% 110
\BOOKMARK [3][-]{subsubsection*.65}{\376\377\000R\000e\000s\000u\000l\000t}{subsection.6.2.1}% 111
\BOOKMARK [2][-]{subsection.6.2.2}{\376\377\000F\000I\000N\000A\000L\000I\000Z\000E}{section.6.2}% 112
\BOOKMARK [3][-]{subsubsection*.67}{\376\377\000P\000a\000r\000a\000m\000e\000t\000e\000r\000s}{subsection.6.2.2}% 113
\BOOKMARK [2][-]{subsection.6.2.3}{\376\377\000S\000S\000C\000H\000A\000\040\000F\000R\000E\000E\000\040\000E\000N\000E\000R\000G\000Y}{section.6.2}% 114
\BOOKMARK [3][-]{subsubsection*.69}{\376\377\000R\000e\000t\000u\000r\000n\000s}{subsection.6.2.3}% 115
\BOOKMARK [2][-]{subsection.6.2.4}{\376\377\000G\000E\000T\000\040\000T\000H\000E\000\040\000S\000T\000R\000E\000S\000S\000\040\000T\000E\000N\000S\000O\000R}{section.6.2}% 116
\BOOKMARK [2][-]{subsection.6.2.5}{\376\377\000I\000N\000I\000T\000I\000A\000L\000I\000Z\000E\000\040\000T\000H\000E\000\040\000M\000I\000N\000I\000M\000I\000Z\000A\000T\000I\000O\000N}{section.6.2}% 117
\BOOKMARK [3][-]{subsubsection*.72}{\376\377\000P\000a\000r\000a\000m\000e\000t\000e\000r\000s}{subsection.6.2.5}% 118
\BOOKMARK [2][-]{subsection.6.2.6}{\376\377\000R\000e\000s\000u\000l\000t}{section.6.2}% 119
\BOOKMARK [2][-]{subsection.6.2.7}{\376\377\000P\000a\000r\000a\000m\000e\000t\000e\000r\000s}{section.6.2}% 120
\BOOKMARK [2][-]{subsection.6.2.8}{\376\377\000P\000L\000O\000T\000\040\000R\000E\000S\000U\000L\000T\000S}{section.6.2}% 121
\BOOKMARK [3][-]{subsubsection*.76}{\376\377\000P\000a\000r\000a\000m\000e\000t\000e\000r\000s}{subsection.6.2.8}% 122
\BOOKMARK [2][-]{subsection.6.2.9}{\376\377\000P\000R\000I\000N\000T\000\040\000S\000E\000T\000T\000I\000N\000G\000S\000\040\000O\000N\000\040\000O\000U\000T\000P\000U\000T}{section.6.2}% 123
\BOOKMARK [2][-]{subsection.6.2.10}{\376\377\000R\000U\000N\000\040\000T\000H\000E\000\040\000S\000S\000C\000H\000A\000\040\000M\000I\000N\000I\000M\000I\000Z\000A\000T\000I\000O\000N}{section.6.2}% 124
\BOOKMARK [3][-]{subsubsection*.79}{\376\377\000P\000a\000r\000a\000m\000e\000t\000e\000r\000s}{subsection.6.2.10}% 125
\BOOKMARK [2][-]{subsection.6.2.11}{\376\377\000S\000E\000T\000U\000P\000\040\000T\000H\000E\000\040\000M\000I\000N\000I\000M\000I\000Z\000A\000T\000I\000O\000N}{section.6.2}% 126
\BOOKMARK [3][-]{subsubsection*.83}{\376\377\000P\000a\000r\000a\000m\000e\000t\000e\000r\000s}{subsection.6.2.11}% 127
\BOOKMARK [2][-]{subsection.6.2.12}{\376\377\000U\000P\000D\000A\000T\000E\000\040\000I\000M\000P\000O\000R\000T\000A\000N\000C\000E\000\040\000S\000A\000M\000P\000L\000I\000N\000G}{section.6.2}% 128
\BOOKMARK [1][-]{section.6.3}{\376\377\000T\000h\000e\000\040\000R\000e\000l\000a\000x\000\040\000M\000o\000d\000u\000l\000e}{chapter.6}% 129
\BOOKMARK [2][-]{subsection.6.3.1}{\376\377\000C\000O\000S\000T\000A\000N\000T\000\040\000V\000O\000L\000U\000M\000E\000\040\000R\000E\000L\000A\000X}{section.6.3}% 130
\BOOKMARK [3][-]{subsubsection*.87}{\376\377\000P\000a\000r\000a\000m\000e\000t\000e\000r\000s}{subsection.6.3.1}% 131
\BOOKMARK [3][-]{subsubsection*.88}{\376\377\000R\000e\000t\000u\000r\000n\000s}{subsection.6.3.1}% 132
\BOOKMARK [2][-]{subsection.6.3.2}{\376\377\000S\000E\000T\000U\000P\000\040\000T\000H\000E\000\040\000R\000E\000L\000A\000X\000E\000R\000\040\000F\000R\000O\000M\000\040\000T\000H\000E\000\040\000N\000A\000M\000E\000L\000I\000S\000T}{section.6.3}% 133
\BOOKMARK [3][-]{subsubsection*.91}{\376\377\000P\000a\000r\000a\000m\000e\000t\000e\000r\000s}{subsection.6.3.2}% 134
\BOOKMARK [2][-]{subsection.6.3.3}{\376\377\000V\000A\000R\000I\000A\000B\000L\000E\000\040\000C\000E\000L\000L\000\040\000R\000E\000L\000A\000X}{section.6.3}% 135
\BOOKMARK [3][-]{subsubsection*.93}{\376\377\000P\000a\000r\000a\000m\000e\000t\000e\000r\000s}{subsection.6.3.3}% 136
\BOOKMARK [3][-]{subsubsection*.94}{\376\377\000R\000e\000t\000u\000r\000n\000s}{subsection.6.3.3}% 137
\BOOKMARK [1][-]{section.6.4}{\376\377\000T\000h\000e\000\040\000U\000t\000i\000l\000i\000t\000i\000e\000s\000\040\000M\000o\000d\000u\000l\000e}{chapter.6}% 138
\BOOKMARK [2][-]{subsection.6.4.1}{\376\377\000I\000O\000I\000n\000f\000o\000\040\000c\000l\000a\000s\000s}{section.6.4}% 139
\BOOKMARK [3][-]{subsubsection*.100}{\376\377\000P\000a\000r\000a\000m\000e\000t\000e\000r\000s}{subsection.6.4.1}% 140
\BOOKMARK [3][-]{subsubsection*.103}{\376\377\000P\000a\000r\000a\000m\000e\000t\000e\000r\000s}{subsection.6.4.1}% 141
\BOOKMARK [3][-]{subsubsection*.105}{\376\377\000P\000a\000r\000a\000m\000e\000t\000e\000r\000s}{subsection.6.4.1}% 142
\BOOKMARK [2][-]{subsection.6.4.2}{\376\377\000C\000o\000n\000s\000t\000r\000a\000i\000n\000t\000s}{section.6.4}% 143
\BOOKMARK [3][-]{subsubsection*.108}{\376\377\000P\000R\000O\000J\000E\000C\000T\000\040\000O\000N\000L\000Y\000\040\000T\000H\000E\000\040\000F\000C\000\040\000G\000R\000A\000D\000I\000E\000N\000T\000\040\000I\000N\000\040\000T\000H\000E\000\040\000S\000E\000L\000E\000C\000T\000E\000D\000\040\000M\000O\000D\000E\000S}{subsection.6.4.2}% 144
\BOOKMARK [3][-]{subsubsection*.110}{\376\377\000P\000R\000O\000J\000E\000C\000T\000\040\000T\000H\000E\000\040\000G\000R\000A\000D\000I\000E\000N\000T\000\040\000I\000N\000\040\000T\000H\000E\000\040\000S\000E\000L\000E\000C\000T\000E\000D\000\040\000M\000O\000D\000E\000S}{subsection.6.4.2}% 145
\BOOKMARK [3][-]{subsubsection*.112}{\376\377\000P\000R\000O\000J\000E\000C\000T\000\040\000O\000N\000L\000Y\000\040\000T\000H\000E\000\040\000S\000T\000R\000U\000C\000T\000U\000R\000E\000\040\000G\000R\000A\000D\000I\000E\000N\000T\000\040\000I\000N\000\040\000T\000H\000E\000\040\000S\000E\000L\000E\000C\000T\000E\000D\000\040\000M\000O\000D\000E\000S}{subsection.6.4.2}% 146
\BOOKMARK [3][-]{subsubsection*.114}{\376\377\000S\000E\000T\000U\000P\000\040\000F\000R\000E\000E\000\040\000\050\000o\000r\000\040\000c\000o\000n\000s\000t\000r\000a\000i\000n\000e\000d\000\051\000\040\000M\000O\000D\000E\000S}{subsection.6.4.2}% 147
\BOOKMARK [4][-]{paragraph*.115}{\376\377\000P\000a\000r\000a\000m\000e\000t\000e\000r\000s}{subsubsection*.114}% 148
\BOOKMARK [1][-]{section.6.5}{\376\377\000T\000h\000e\000\040\000C\000l\000u\000s\000t\000e\000r\000\040\000M\000o\000d\000u\000l\000e}{chapter.6}% 149
\BOOKMARK [2][-]{subsection.6.5.1}{\376\377\000C\000H\000E\000C\000K\000\040\000I\000F\000\040\000T\000H\000E\000\040\000S\000E\000R\000V\000E\000R\000\040\000I\000S\000\040\000A\000V\000A\000I\000L\000A\000B\000L\000E}{section.6.5}% 150
\BOOKMARK [2][-]{subsection.6.5.2}{\376\377\000E\000X\000E\000C\000U\000T\000E\000\040\000T\000H\000E\000\040\000C\000M\000D\000\040\000O\000N\000\040\000T\000H\000E\000\040\000C\000L\000U\000S\000T\000E\000R}{section.6.5}% 151
\BOOKMARK [3][-]{subsubsection*.119}{\376\377\000P\000a\000r\000a\000m\000e\000t\000e\000r\000s}{subsection.6.5.2}% 152
\BOOKMARK [3][-]{subsubsection*.120}{\376\377\000R\000e\000t\000u\000r\000n\000s}{subsection.6.5.2}% 153
\BOOKMARK [2][-]{subsection.6.5.3}{\376\377\000B\000A\000T\000C\000H\000\040\000S\000U\000B\000M\000I\000S\000S\000I\000O\000N}{section.6.5}% 154
\BOOKMARK [3][-]{subsubsection*.122}{\376\377\000P\000a\000r\000a\000m\000e\000t\000e\000r\000s}{subsection.6.5.3}% 155
\BOOKMARK [3][-]{subsubsection*.123}{\376\377\000R\000e\000s\000u\000l\000t\000s}{subsection.6.5.3}% 156
\BOOKMARK [2][-]{subsection.6.5.4}{\376\377\000P\000a\000r\000a\000m\000e\000t\000e\000r\000s}{section.6.5}% 157
\BOOKMARK [2][-]{subsection.6.5.5}{\376\377\000C\000L\000E\000A\000N\000\040\000T\000H\000E\000\040\000L\000O\000C\000A\000L\000\040\000W\000O\000R\000K\000D\000I\000R\000\040\000F\000R\000O\000M\000\040\000A\000L\000L\000\040\000I\000N\000P\000U\000T\000/\000O\000U\000T\000P\000U\000T\000\040\000F\000I\000L\000E\000S\000\040\000I\000N\000\040\000T\000A\000R}{section.6.5}% 158
\BOOKMARK [2][-]{subsection.6.5.6}{\376\377\000R\000U\000N\000\040\000T\000H\000E\000\040\000W\000H\000O\000L\000E\000\040\000E\000N\000S\000E\000M\000B\000L\000E\000\040\000O\000N\000\040\000T\000H\000E\000\040\000C\000L\000U\000S\000T\000E\000R}{section.6.5}% 159
\BOOKMARK [3][-]{subsubsection*.128}{\376\377\000P\000a\000r\000a\000m\000e\000t\000e\000r\000s}{subsection.6.5.6}% 160
\BOOKMARK [2][-]{subsection.6.5.7}{\376\377\000R\000U\000N\000\040\000T\000H\000E\000\040\000E\000N\000S\000E\000M\000B\000L\000E\000\040\000W\000I\000T\000H\000\040\000B\000A\000T\000C\000H\000\040\000S\000U\000B\000M\000I\000S\000S\000I\000O\000N}{section.6.5}% 161
\BOOKMARK [2][-]{subsection.6.5.8}{\376\377\000C\000O\000P\000Y\000\040\000I\000N\000P\000U\000T\000/\000O\000U\000T\000P\000U\000T\000\040\000F\000I\000L\000E\000S\000\040\000F\000R\000O\000M\000/\000T\000O\000\040\000T\000H\000E\000\040\000S\000E\000R\000V\000E\000R}{section.6.5}% 162
\BOOKMARK [3][-]{subsubsection*.131}{\376\377\000P\000a\000r\000a\000m\000e\000t\000e\000r\000s}{subsection.6.5.8}% 163
\BOOKMARK [2][-]{subsection.6.5.9}{\376\377\000C\000R\000E\000A\000T\000E\000\040\000T\000H\000E\000\040\000S\000U\000B\000M\000I\000S\000S\000I\000O\000N\000\040\000S\000C\000R\000I\000P\000T}{section.6.5}% 164
\BOOKMARK [3][-]{subsubsection*.133}{\376\377\000P\000a\000r\000a\000m\000e\000t\000e\000r\000s}{subsection.6.5.9}% 165
\BOOKMARK [3][-]{subsubsection*.134}{\376\377\000R\000e\000t\000u\000r\000n\000s}{subsection.6.5.9}% 166
\BOOKMARK [2][-]{subsection.6.5.10}{\376\377\000G\000E\000T\000\040\000T\000H\000E\000\040\000E\000X\000E\000C\000U\000T\000I\000O\000N\000\040\000C\000O\000M\000M\000A\000N\000D}{section.6.5}% 167
\BOOKMARK [3][-]{subsubsection*.136}{\376\377\000P\000a\000r\000a\000m\000e\000t\000e\000r\000s}{subsection.6.5.10}% 168
\BOOKMARK [3][-]{subsubsection*.137}{\376\377\000R\000e\000t\000u\000r\000n\000s}{subsection.6.5.10}% 169
\BOOKMARK [2][-]{subsection.6.5.11}{\376\377\000P\000A\000R\000S\000E\000\040\000S\000T\000R\000I\000N\000G}{section.6.5}% 170
\BOOKMARK [3][-]{subsubsection*.141}{\376\377\000P\000a\000r\000a\000m\000e\000t\000e\000r}{subsection.6.5.11}% 171
\BOOKMARK [3][-]{subsubsection*.142}{\376\377\000R\000e\000s\000u\000l\000t}{subsection.6.5.11}% 172
\BOOKMARK [2][-]{subsection.6.5.12}{\376\377\000P\000R\000E\000P\000A\000R\000E\000\040\000T\000H\000E\000\040\000I\000N\000P\000U\000T\000\040\000F\000I\000L\000E}{section.6.5}% 173
\BOOKMARK [3][-]{subsubsection*.144}{\376\377\000P\000a\000r\000a\000m\000e\000t\000e\000r\000s}{subsection.6.5.12}% 174
\BOOKMARK [3][-]{subsubsection*.145}{\376\377\000R\000e\000t\000u\000r\000n\000s}{subsection.6.5.12}% 175
\BOOKMARK [2][-]{subsection.6.5.13}{\376\377\000R\000U\000N\000\040\000A\000T\000O\000M\000S\000\040\000O\000N\000\040\000T\000H\000E\000\040\000C\000L\000U\000S\000T\000E\000R}{section.6.5}% 176
\BOOKMARK [2][-]{subsection.6.5.14}{\376\377\000P\000a\000r\000a\000m\000e\000t\000e\000r\000s}{section.6.5}% 177
\BOOKMARK [2][-]{subsection.6.5.15}{\376\377\000S\000E\000T\000U\000P\000\040\000T\000H\000E\000\040\000C\000L\000U\000S\000T\000E\000R\000\040\000W\000I\000T\000H\000\040\000A\000N\000\040\000I\000N\000P\000U\000T\000F\000I\000L\000E}{section.6.5}% 178
\BOOKMARK [3][-]{subsubsection*.150}{\376\377\000P\000a\000r\000a\000m\000e\000t\000e\000r\000s}{subsection.6.5.15}% 179
\BOOKMARK [2][-]{subsection.6.5.16}{\376\377\000S\000E\000T\000U\000P\000\040\000T\000H\000E\000\040\000W\000O\000R\000K\000I\000N\000G\000\040\000D\000I\000R\000E\000C\000T\000O\000R\000Y}{section.6.5}% 180
\BOOKMARK [2][-]{subsection.6.5.17}{\376\377\000S\000U\000B\000M\000I\000T\000\040\000T\000H\000E\000\040\000C\000A\000L\000C\000U\000L\000A\000T\000I\000O\000N}{section.6.5}% 181
\BOOKMARK [3][-]{subsubsection*.153}{\376\377\000P\000a\000r\000a\000m\000e\000t\000e\000r\000s}{subsection.6.5.17}% 182
\BOOKMARK [3][-]{subsubsection*.154}{\376\377\000R\000e\000s\000u\000l\000t\000s}{subsection.6.5.17}% 183
\BOOKMARK [0][-]{chapter.7}{\376\377\000I\000n\000d\000i\000c\000e\000s\000\040\000a\000n\000d\000\040\000t\000a\000b\000l\000e\000s}{}% 184
